<?xml version="1.0" encoding="UTF-8"?>
<!-- Generated by org.testng.reporters.JUnitReportReporter -->
<testsuite hostname="DevOps" failures="0" tests="4" name="com.leafBot.testcases.TC001_LoginLogOut" time="14.359" errors="1" timestamp="04 Mar 2022 04:52:20 GMT" skipped="3">
  <testcase classname="com.leafBot.testcases.TC001_LoginLogOut" name="createLeaf" time="0.000">
    <skipped/>
  </testcase> <!-- createLeaf -->
  <testcase classname="com.leafBot.testcases.TC001_LoginLogOut" name="beforeMethod" time="14.359">
    <error message="Cannot invoke &quot;org.openqa.selenium.remote.RemoteWebDriver.getScreenshotAs(org.openqa.selenium.OutputType)&quot; because &quot;this.driver&quot; is null" type="java.lang.NullPointerException">
      <![CDATA[java.lang.NullPointerException: Cannot invoke "org.openqa.selenium.remote.RemoteWebDriver.getScreenshotAs(org.openqa.selenium.OutputType)" because "this.driver" is null
at com.leafBot.selenium.api.base.SeleniumBase.takeSnap(SeleniumBase.java:492)
at utils.Reporter.reportStep(Reporter.java:49)
at utils.Reporter.reportStep(Reporter.java:65)
at com.leafBot.selenium.api.base.SeleniumBase.startApp(SeleniumBase.java:282)
at com.leafBot.testng.api.base.ProjectSpecificMethods.beforeMethod(ProjectSpecificMethods.java:26)
at java.base/jdk.internal.reflect.NativeMethodAccessorImpl.invoke0(Native Method)
at java.base/jdk.internal.reflect.NativeMethodAccessorImpl.invoke(NativeMethodAccessorImpl.java:78)
at java.base/jdk.internal.reflect.DelegatingMethodAccessorImpl.invoke(DelegatingMethodAccessorImpl.java:43)
at java.base/java.lang.reflect.Method.invoke(Method.java:567)
at org.testng.internal.MethodInvocationHelper.invokeMethod(MethodInvocationHelper.java:124)
at org.testng.internal.MethodInvocationHelper.invokeMethodConsideringTimeout(MethodInvocationHelper.java:59)
at org.testng.internal.Invoker.invokeConfigurationMethod(Invoker.java:458)
at org.testng.internal.Invoker.invokeConfigurations(Invoker.java:222)
at org.testng.internal.Invoker.invokeMethod(Invoker.java:523)
at org.testng.internal.Invoker.invokeTestMethod(Invoker.java:719)
at org.testng.internal.Invoker.invokeTestMethods(Invoker.java:989)
at org.testng.internal.TestMethodWorker.invokeTestMethods(TestMethodWorker.java:125)
at org.testng.internal.TestMethodWorker.run(TestMethodWorker.java:109)
at java.base/java.util.concurrent.ThreadPoolExecutor.runWorker(ThreadPoolExecutor.java:1130)
at java.base/java.util.concurrent.ThreadPoolExecutor$Worker.run(ThreadPoolExecutor.java:630)
at java.base/java.lang.Thread.run(Thread.java:831)
]]>
    </error>
  </testcase> <!-- beforeMethod -->
  <testcase classname="com.leafBot.testcases.TC001_LoginLogOut" name="createLeaf" time="0.000">
    <skipped/>
  </testcase> <!-- createLeaf -->
  <testcase classname="com.leafBot.testcases.TC001_LoginLogOut" name="createLeaf" time="0.000">
    <skipped/>
  </testcase> <!-- createLeaf -->
</testsuite> <!-- com.leafBot.testcases.TC001_LoginLogOut -->
